<?xml version="1.0" encoding="UTF-8"?>
<!-- Generated by org.testng.reporters.JUnitReportReporter -->
<testsuite hostname="Rajashree" failures="0" tests="2" name="Admin.Workflows.Notification_Rules" time="77.649" errors="0" timestamp="2021-04-10T04:41:58 GMT-07:00" skipped="1">
  <testcase classname="Admin.Workflows.Notification_Rules" name="loginTest" time="77.273"/>
  <testcase classname="Admin.Workflows.Notification_Rules" name="loginTest" time="0.376">
    <skipped/>
  </testcase> <!-- loginTest -->
</testsuite> <!-- Admin.Workflows.Notification_Rules -->
