<?xml version="1.0" encoding="UTF-8"?>
<!-- Generated by org.testng.reporters.JUnitReportReporter -->
<testsuite hostname="Rajashree" failures="0" tests="2" name="Hotel.Hotel" time="107.759" errors="0" timestamp="2021-08-06T23:37:03 GMT-07:00" skipped="1">
  <testcase classname="Hotel.Hotel" name="loginTest" time="107.511"/>
  <testcase classname="Hotel.Hotel" name="loginTest" time="0.248">
    <skipped/>
  </testcase> <!-- loginTest -->
</testsuite> <!-- Hotel.Hotel -->
