<?xml version="1.0" encoding="UTF-8"?>
<!-- Generated by org.testng.reporters.JUnitReportReporter -->
<testsuite hostname="Rajashree" failures="0" tests="2" name="Admin.Accountprofile.Company_profile" time="156.552" errors="0" timestamp="2021-06-12T02:32:02 GMT-07:00" skipped="1">
  <testcase classname="Admin.Accountprofile.Company_profile" name="loginTest" time="154.901"/>
  <testcase classname="Admin.Accountprofile.Company_profile" name="loginTest" time="1.651">
    <skipped/>
  </testcase> <!-- loginTest -->
</testsuite> <!-- Admin.Accountprofile.Company_profile -->
