<?xml version="1.0" encoding="UTF-8"?>
<!-- Generated by org.testng.reporters.JUnitReportReporter -->
<testsuite hostname="Rajashree" failures="0" tests="2" name="Account.Settings.Email_Template" time="108.372" errors="0" timestamp="2021-05-01T04:43:34 GMT-07:00" skipped="1">
  <testcase classname="Account.Settings.Email_Template" name="loginTest" time="1.480">
    <skipped/>
  </testcase> <!-- loginTest -->
  <testcase classname="Account.Settings.Email_Template" name="loginTest" time="106.892"/>
</testsuite> <!-- Account.Settings.Email_Template -->
