<?xml version="1.0" encoding="UTF-8"?>
<!-- Generated by org.testng.reporters.JUnitReportReporter -->
<testsuite hostname="Rajashree" failures="0" tests="2" name="Ecommerce.NewStore_setup" time="157.842" errors="0" timestamp="2020-11-04T22:34:27 GMT-08:00" skipped="1">
  <testcase classname="Ecommerce.NewStore_setup" name="loginTest" time="1.022">
    <skipped/>
  </testcase> <!-- loginTest -->
  <testcase classname="Ecommerce.NewStore_setup" name="loginTest" time="156.820"/>
</testsuite> <!-- Ecommerce.NewStore_setup -->
