<?xml version="1.0" encoding="UTF-8"?>
<!-- Generated by org.testng.reporters.JUnitReportReporter -->
<testsuite hostname="Rajashree" failures="0" tests="2" name="Home.Customer_Contact.Customer_Contact" time="1317.943" errors="0" timestamp="2021-07-03T08:12:44 GMT-07:00" skipped="1">
  <testcase classname="Home.Customer_Contact.Customer_Contact" name="loginTest" time="1.921">
    <skipped/>
  </testcase> <!-- loginTest -->
  <testcase classname="Home.Customer_Contact.Customer_Contact" name="loginTest" time="1316.022"/>
</testsuite> <!-- Home.Customer_Contact.Customer_Contact -->
