<?xml version="1.0" encoding="UTF-8"?>
<!-- Generated by org.testng.reporters.JUnitReportReporter -->
<testsuite hostname="Laxmikant" failures="0" tests="2" name="Registration_Shop2.Login_shop2" time="257.238" errors="0" timestamp="2020-06-25T04:41:05 GMT-07:00" skipped="1">
  <testcase classname="Registration_Shop2.Login_shop2" name="loginTest" time="0.302">
    <skipped/>
  </testcase> <!-- loginTest -->
  <testcase classname="Registration_Shop2.Login_shop2" name="loginTest" time="256.936"/>
</testsuite> <!-- Registration_Shop2.Login_shop2 -->
