<?xml version="1.0" encoding="UTF-8"?>
<!-- Generated by org.testng.reporters.JUnitReportReporter -->
<testsuite hostname="Rajashree" failures="0" tests="2" name="Ecommerce.Store_setup" time="265.861" errors="0" timestamp="2020-11-04T03:26:59 GMT-08:00" skipped="1">
  <testcase classname="Ecommerce.Store_setup" name="loginTest" time="265.588"/>
  <testcase classname="Ecommerce.Store_setup" name="loginTest" time="0.273">
    <skipped/>
  </testcase> <!-- loginTest -->
</testsuite> <!-- Ecommerce.Store_setup -->
