<?xml version="1.0" encoding="UTF-8"?>
<!-- Generated by org.testng.reporters.JUnitReportReporter -->
<testsuite hostname="Rajashree" failures="0" tests="2" name="All_Uploads.Customer_Upload" time="191.614" errors="0" timestamp="2021-02-06T04:00:27 GMT-08:00" skipped="1">
  <testcase classname="All_Uploads.Customer_Upload" name="loginTest" time="190.507"/>
  <testcase classname="All_Uploads.Customer_Upload" name="loginTest" time="1.107">
    <skipped/>
  </testcase> <!-- loginTest -->
</testsuite> <!-- All_Uploads.Customer_Upload -->
