<?xml version="1.0" encoding="UTF-8"?>
<!-- Generated by org.testng.reporters.JUnitReportReporter -->
<testsuite hostname="Rajashree" failures="0" tests="2" name="CRM.Setup.NotificationTemplate" time="519.630" errors="0" timestamp="2022-02-26T05:14:05 GMT-08:00" skipped="1">
  <testcase classname="CRM.Setup.NotificationTemplate" name="loginTest" time="517.347"/>
  <testcase classname="CRM.Setup.NotificationTemplate" name="loginTest" time="2.283">
    <skipped/>
  </testcase> <!-- loginTest -->
</testsuite> <!-- CRM.Setup.NotificationTemplate -->
