<?xml version="1.0" encoding="UTF-8"?>
<!-- Generated by org.testng.reporters.JUnitReportReporter -->
<testsuite hostname="Rajashree" failures="0" tests="2" name="All_Uploads.Custom_catlog6036" time="421.401" errors="0" timestamp="2021-02-06T03:56:54 GMT-08:00" skipped="1">
  <testcase classname="All_Uploads.Custom_catlog6036" name="loginTest" time="1.155">
    <skipped/>
  </testcase> <!-- loginTest -->
  <testcase classname="All_Uploads.Custom_catlog6036" name="loginTest" time="420.246"/>
</testsuite> <!-- All_Uploads.Custom_catlog6036 -->
